2023-03-27 17:47:51,196 [Worker-7: Loading available Gradle versions] INFO  o.e.b.c.i.u.g.PublishedGradleVersions - Gradle version information cache is up-to-date. Trying to read.
2023-03-27 17:56:24,550 [Worker-20: Updating Maven Dependencies] INFO  o.e.m.c.i.l.LifecycleMappingFactory - Using org.eclipse.m2e.jdt.JarLifecycleMapping lifecycle mapping for MavenProject: com.bolsadeideas.springboot.backend.apirest:spring-boot-backend-apirest:0.0.1-SNAPSHOT @ C:\xampp\htdocs\STORO_YLUNA\proy1\spring-boot-backend-apirest\pom.xml.
2023-03-27 17:56:24,551 [Worker-19: Building] INFO  o.e.m.c.i.l.LifecycleMappingFactory - Using org.eclipse.m2e.jdt.JarLifecycleMapping lifecycle mapping for MavenProject: com.bolsadeideas.springboot.backend.apirest:spring-boot-backend-apirest:0.0.1-SNAPSHOT @ C:\xampp\htdocs\STORO_YLUNA\proy1\spring-boot-backend-apirest\pom.xml.
2023-03-27 17:56:28,362 [Worker-19: Building] INFO  o.a.m.s.f.DefaultMavenResourcesFiltering - Copying 1 resource
2023-03-27 17:56:28,378 [Worker-19: Building] INFO  o.a.m.s.f.DefaultMavenResourcesFiltering - Copying 1 resource
2023-03-27 17:56:28,384 [Worker-19: Building] INFO  o.a.m.s.f.DefaultMavenResourcesFiltering - skip non existing resourceDirectory C:\xampp\htdocs\STORO_YLUNA\proy1\spring-boot-backend-apirest\src\test\resources
2023-03-27 17:56:29,854 [Worker-22: Updating Maven Dependencies] INFO  o.e.m.c.i.l.LifecycleMappingFactory - Using org.eclipse.m2e.jdt.JarLifecycleMapping lifecycle mapping for MavenProject: com.bolsadeideas.springboot.backend.apirest:spring-boot-backend-apirest:0.0.1-SNAPSHOT @ C:\xampp\htdocs\STORO_YLUNA\proy1\spring-boot-backend-apirest\pom.xml.
2023-03-27 17:56:31,681 [Worker-7: Building] INFO  o.a.m.s.f.DefaultMavenResourcesFiltering - Copying 1 resource
2023-03-27 17:56:31,715 [Worker-7: Building] INFO  o.a.m.s.f.DefaultMavenResourcesFiltering - Copying 1 resource
2023-03-27 17:56:31,721 [Worker-7: Building] INFO  o.a.m.s.f.DefaultMavenResourcesFiltering - skip non existing resourceDirectory C:\xampp\htdocs\STORO_YLUNA\proy1\spring-boot-backend-apirest\src\test\resources
2023-03-27 17:56:33,104 [Worker-22: Building] INFO  o.a.m.s.f.DefaultMavenResourcesFiltering - Copying 1 resource
2023-03-27 17:56:33,177 [Worker-22: Building] INFO  o.a.m.s.f.DefaultMavenResourcesFiltering - Copying 1 resource
2023-03-27 17:56:33,180 [Worker-22: Building] INFO  o.a.m.s.f.DefaultMavenResourcesFiltering - skip non existing resourceDirectory C:\xampp\htdocs\STORO_YLUNA\proy1\spring-boot-backend-apirest\src\test\resources
2023-03-27 17:58:26,629 [Worker-0: Building] INFO  o.a.m.s.f.DefaultMavenResourcesFiltering - Copying 0 resource
2023-03-27 17:58:26,629 [Worker-0: Building] INFO  o.a.m.s.f.DefaultMavenResourcesFiltering - Copying 0 resource
2023-03-27 17:58:26,631 [Worker-0: Building] INFO  o.a.m.s.f.DefaultMavenResourcesFiltering - skip non existing resourceDirectory C:\xampp\htdocs\STORO_YLUNA\proy1\spring-boot-backend-apirest\src\test\resources
2023-03-27 18:35:01,776 [Worker-21: Building] INFO  o.a.m.s.f.DefaultMavenResourcesFiltering - Copying 0 resource
2023-03-27 18:35:01,781 [Worker-21: Building] INFO  o.a.m.s.f.DefaultMavenResourcesFiltering - Copying 1 resource
2023-03-27 18:35:01,789 [Worker-21: Building] INFO  o.a.m.s.f.DefaultMavenResourcesFiltering - skip non existing resourceDirectory C:\xampp\htdocs\STORO_YLUNA\proy1\spring-boot-backend-apirest\src\test\resources
2023-03-27 18:36:57,954 [Worker-28: Building] INFO  o.a.m.s.f.DefaultMavenResourcesFiltering - Copying 0 resource
2023-03-27 18:36:57,957 [Worker-28: Building] INFO  o.a.m.s.f.DefaultMavenResourcesFiltering - Copying 1 resource
2023-03-27 18:36:57,977 [Worker-28: Building] INFO  o.a.m.s.f.DefaultMavenResourcesFiltering - skip non existing resourceDirectory C:\xampp\htdocs\STORO_YLUNA\proy1\spring-boot-backend-apirest\src\test\resources
2023-03-27 18:39:51,247 [Worker-31: Building] INFO  o.a.m.s.f.DefaultMavenResourcesFiltering - Copying 1 resource
2023-03-27 18:39:51,293 [Worker-31: Building] INFO  o.a.m.s.f.DefaultMavenResourcesFiltering - Copying 0 resource
2023-03-27 18:39:51,296 [Worker-31: Building] INFO  o.a.m.s.f.DefaultMavenResourcesFiltering - skip non existing resourceDirectory C:\xampp\htdocs\STORO_YLUNA\proy1\spring-boot-backend-apirest\src\test\resources
2023-03-27 18:39:52,324 [Worker-29: Building] INFO  o.a.m.s.f.DefaultMavenResourcesFiltering - Copying 0 resource
2023-03-27 18:39:52,325 [Worker-29: Building] INFO  o.a.m.s.f.DefaultMavenResourcesFiltering - Copying 1 resource
2023-03-27 18:39:52,330 [Worker-29: Building] INFO  o.a.m.s.f.DefaultMavenResourcesFiltering - skip non existing resourceDirectory C:\xampp\htdocs\STORO_YLUNA\proy1\spring-boot-backend-apirest\src\test\resources
